2019-03-20 12:01:21,593 INFO o.a.j.u.JMeterUtils: Setting Locale to en_IN
2019-03-20 12:01:21,608 INFO o.a.j.JMeter: Loading user properties from: /Users/jibijose/Downloads/apache-jmeter-5.1.1/bin/user.properties
2019-03-20 12:01:21,609 INFO o.a.j.JMeter: Loading system properties from: /Users/jibijose/Downloads/apache-jmeter-5.1.1/bin/system.properties
2019-03-20 12:01:21,613 INFO o.a.j.JMeter: Copyright (c) 1998-2019 The Apache Software Foundation
2019-03-20 12:01:21,613 INFO o.a.j.JMeter: Version 5.1.1 r1855137
2019-03-20 12:01:21,613 INFO o.a.j.JMeter: java.version=1.8.0_191
2019-03-20 12:01:21,613 INFO o.a.j.JMeter: java.vm.name=Java HotSpot(TM) 64-Bit Server VM
2019-03-20 12:01:21,613 INFO o.a.j.JMeter: os.name=Mac OS X
2019-03-20 12:01:21,613 INFO o.a.j.JMeter: os.arch=x86_64
2019-03-20 12:01:21,613 INFO o.a.j.JMeter: os.version=10.14.3
2019-03-20 12:01:21,613 INFO o.a.j.JMeter: file.encoding=UTF-8
2019-03-20 12:01:21,613 INFO o.a.j.JMeter: java.awt.headless=null
2019-03-20 12:01:21,613 INFO o.a.j.JMeter: Max memory     =3817865216
2019-03-20 12:01:21,613 INFO o.a.j.JMeter: Available Processors =12
2019-03-20 12:01:21,616 INFO o.a.j.JMeter: Default Locale=English (India)
2019-03-20 12:01:21,616 INFO o.a.j.JMeter: JMeter  Locale=English (India)
2019-03-20 12:01:21,617 INFO o.a.j.JMeter: JMeterHome=/Users/jibijose/Downloads/apache-jmeter-5.1.1
2019-03-20 12:01:21,617 INFO o.a.j.JMeter: user.dir  =/Users/jibijose/PROJECTS/GITHUB/HandsOnCoding/ReactivePlayground/HelloWorld
2019-03-20 12:01:21,617 INFO o.a.j.JMeter: PWD       =/Users/jibijose/PROJECTS/GITHUB/HandsOnCoding/ReactivePlayground/HelloWorld
2019-03-20 12:01:21,618 INFO o.a.j.JMeter: IP: 10.21.20.49 Name: INML3033JG5J FullName: 10.21.20.49
2019-03-20 12:01:23,746 INFO o.a.j.g.a.LookAndFeelCommand: Installing Darcula LAF
2019-03-20 12:01:23,756 INFO o.a.j.g.a.LookAndFeelCommand: Using look and feel: com.bulenkov.darcula.DarculaLaf [Darcula]
2019-03-20 12:01:23,757 INFO o.a.j.JMeter: Setting LAF to: com.bulenkov.darcula.DarculaLaf
2019-03-20 12:01:23,823 INFO o.a.j.JMeter: Loaded icon properties from org/apache/jmeter/images/icon.properties
2019-03-20 12:01:25,206 INFO o.a.j.p.h.s.HTTPSamplerBase: Parser for text/html is org.apache.jmeter.protocol.http.parser.LagartoBasedHtmlParser
2019-03-20 12:01:25,206 INFO o.a.j.p.h.s.HTTPSamplerBase: Parser for application/xhtml+xml is org.apache.jmeter.protocol.http.parser.LagartoBasedHtmlParser
2019-03-20 12:01:25,206 INFO o.a.j.p.h.s.HTTPSamplerBase: Parser for application/xml is org.apache.jmeter.protocol.http.parser.LagartoBasedHtmlParser
2019-03-20 12:01:25,207 INFO o.a.j.p.h.s.HTTPSamplerBase: Parser for text/xml is org.apache.jmeter.protocol.http.parser.LagartoBasedHtmlParser
2019-03-20 12:01:25,207 INFO o.a.j.p.h.s.HTTPSamplerBase: Parser for text/vnd.wap.wml is org.apache.jmeter.protocol.http.parser.RegexpHTMLParser
2019-03-20 12:01:25,207 INFO o.a.j.p.h.s.HTTPSamplerBase: Parser for text/css is org.apache.jmeter.protocol.http.parser.CssParser
2019-03-20 12:01:25,457 INFO o.a.j.e.KeyToolUtils: keytool found at 'keytool'
2019-03-20 12:01:25,458 INFO o.a.j.p.h.p.ProxyControl: HTTP(S) Test Script Recorder SSL Proxy will use keys that support embedded 3rd party resources in file /Users/jibijose/Downloads/apache-jmeter-5.1.1/bin/proxyserver.jks
2019-03-20 12:01:25,544 INFO o.a.j.s.FileServer: Default base='/Users/jibijose/PROJECTS/GITHUB/HandsOnCoding/ReactivePlayground/HelloWorld'
2019-03-20 12:01:25,727 INFO o.a.j.s.SampleResult: Note: Sample TimeStamps are START times
2019-03-20 12:01:25,727 INFO o.a.j.s.SampleResult: sampleresult.default.encoding is set to ISO-8859-1
2019-03-20 12:01:25,727 INFO o.a.j.s.SampleResult: sampleresult.useNanoTime=true
2019-03-20 12:01:25,727 INFO o.a.j.s.SampleResult: sampleresult.nanoThreadSleep=5000
2019-03-20 12:01:40,911 INFO o.a.j.e.StandardJMeterEngine: Running the test!
2019-03-20 12:01:40,911 INFO o.a.j.s.SampleEvent: List of sample_variables: []
2019-03-20 12:01:40,912 INFO o.a.j.s.SampleEvent: List of sample_variables: []
2019-03-20 12:01:40,913 INFO o.a.j.e.u.CompoundVariable: Note: Function class names must contain the string: '.functions.'
2019-03-20 12:01:40,914 INFO o.a.j.e.u.CompoundVariable: Note: Function class names must not contain the string: '.gui.'
2019-03-20 12:01:41,111 INFO o.a.j.g.u.JMeterMenuBar: setRunning(true, *local*)
2019-03-20 12:01:41,201 INFO o.a.j.e.StandardJMeterEngine: No enabled thread groups found
2019-03-20 12:01:41,201 INFO o.a.j.e.StandardJMeterEngine: Notifying test listeners of end of test
2019-03-20 12:01:41,201 INFO o.a.j.g.u.JMeterMenuBar: setRunning(false, *local*)
2019-03-20 12:01:58,242 INFO o.a.j.g.a.Load: Loading file: /Users/jibijose/Downloads/apache-jmeter-5.1.1/bin/HTTP Request.jmx
2019-03-20 12:01:58,244 INFO o.a.j.s.FileServer: Set new base='/Users/jibijose/Downloads/apache-jmeter-5.1.1/bin'
2019-03-20 12:01:58,330 INFO o.a.j.s.SaveService: Testplan (JMX) version: 2.2. Testlog (JTL) version: 2.2
2019-03-20 12:01:58,339 INFO o.a.j.s.SaveService: Using SaveService properties file encoding UTF-8
2019-03-20 12:01:58,340 INFO o.a.j.s.SaveService: Using SaveService properties version 5.0
2019-03-20 12:01:58,343 INFO o.a.j.s.SaveService: Loading file: /Users/jibijose/Downloads/apache-jmeter-5.1.1/bin/HTTP Request.jmx
2019-03-20 12:01:58,402 INFO o.a.j.s.FileServer: Set new base='/Users/jibijose/Downloads/apache-jmeter-5.1.1/bin'
2019-03-20 12:02:02,671 INFO o.a.j.e.StandardJMeterEngine: Running the test!
2019-03-20 12:02:02,671 INFO o.a.j.s.SampleEvent: List of sample_variables: []
2019-03-20 12:02:02,673 INFO o.a.j.g.u.JMeterMenuBar: setRunning(true, *local*)
2019-03-20 12:02:02,798 INFO o.a.j.e.StandardJMeterEngine: Starting ThreadGroup: 1 : Thread Group
2019-03-20 12:02:02,798 INFO o.a.j.e.StandardJMeterEngine: Starting 12 threads for group Thread Group.
2019-03-20 12:02:02,798 INFO o.a.j.e.StandardJMeterEngine: Thread will continue on error
2019-03-20 12:02:02,799 INFO o.a.j.t.ThreadGroup: Starting thread group... number=1 threads=12 ramp-up=1 delayedStart=false
2019-03-20 12:02:02,802 INFO o.a.j.t.JMeterThread: Thread started: Thread Group 1-1
2019-03-20 12:02:02,805 INFO o.a.j.t.ThreadGroup: Started thread group number 1
2019-03-20 12:02:02,806 INFO o.a.j.e.StandardJMeterEngine: All thread groups have been started
2019-03-20 12:02:02,811 INFO o.a.j.p.h.s.HTTPHCAbstractImpl: Local host = INML3033JG5J
2019-03-20 12:02:02,815 INFO o.a.j.p.h.s.HTTPHC4Impl: HTTP request retry count = 0
2019-03-20 12:02:02,888 INFO o.a.j.t.JMeterThread: Thread started: Thread Group 1-2
2019-03-20 12:02:02,967 INFO o.a.j.t.JMeterThread: Thread started: Thread Group 1-3
2019-03-20 12:02:03,050 INFO o.a.j.t.JMeterThread: Thread started: Thread Group 1-4
2019-03-20 12:02:03,050 INFO o.a.j.u.JsseSSLManager: Using default SSL protocol: TLS
2019-03-20 12:02:03,050 INFO o.a.j.u.JsseSSLManager: SSL session context: per-thread
2019-03-20 12:02:03,133 INFO o.a.j.t.JMeterThread: Thread started: Thread Group 1-5
2019-03-20 12:02:03,215 INFO o.a.j.t.JMeterThread: Thread started: Thread Group 1-6
2019-03-20 12:02:03,299 INFO o.a.j.t.JMeterThread: Thread started: Thread Group 1-7
2019-03-20 12:02:03,381 INFO o.a.j.t.JMeterThread: Thread started: Thread Group 1-8
2019-03-20 12:02:03,464 INFO o.a.j.t.JMeterThread: Thread started: Thread Group 1-9
2019-03-20 12:02:03,548 INFO o.a.j.t.JMeterThread: Thread started: Thread Group 1-10
2019-03-20 12:02:03,630 INFO o.a.j.t.JMeterThread: Thread started: Thread Group 1-11
2019-03-20 12:02:03,713 INFO o.a.j.t.JMeterThread: Thread started: Thread Group 1-12
2019-03-20 12:03:06,051 INFO o.a.j.g.a.Start: Stopping test
2019-03-20 12:03:06,073 INFO o.a.j.t.JMeterThread: Stopping: Thread Group 1-1
2019-03-20 12:03:06,074 WARN o.a.j.t.JMeterThread: Interrupting: Thread Group 1-1 sampler: HTTP Request
2019-03-20 12:03:06,074 INFO o.a.j.t.JMeterThread: Stopping: Thread Group 1-5
2019-03-20 12:03:06,075 WARN o.a.j.t.JMeterThread: Interrupting: Thread Group 1-5 sampler: HTTP Request
2019-03-20 12:03:06,075 INFO o.a.j.t.JMeterThread: Stopping: Thread Group 1-6
2019-03-20 12:03:06,075 WARN o.a.j.t.JMeterThread: Interrupting: Thread Group 1-6 sampler: HTTP Request
2019-03-20 12:03:06,080 INFO o.a.j.t.JMeterThread: Stopping: Thread Group 1-3
2019-03-20 12:03:06,081 WARN o.a.j.t.JMeterThread: Interrupting: Thread Group 1-3 sampler: HTTP Request
2019-03-20 12:03:06,082 INFO o.a.j.t.JMeterThread: Thread finished: Thread Group 1-1
2019-03-20 12:03:06,082 INFO o.a.j.t.JMeterThread: Thread finished: Thread Group 1-5
2019-03-20 12:03:06,082 INFO o.a.j.t.JMeterThread: Thread finished: Thread Group 1-6
2019-03-20 12:03:06,083 INFO o.a.j.t.JMeterThread: Stopping: Thread Group 1-11
2019-03-20 12:03:06,083 WARN o.a.j.t.JMeterThread: Interrupting: Thread Group 1-11 sampler: HTTP Request
2019-03-20 12:03:06,084 INFO o.a.j.t.JMeterThread: Thread finished: Thread Group 1-3
2019-03-20 12:03:06,085 INFO o.a.j.t.JMeterThread: Stopping: Thread Group 1-9
2019-03-20 12:03:06,086 WARN o.a.j.t.JMeterThread: Interrupting: Thread Group 1-9 sampler: HTTP Request
2019-03-20 12:03:06,086 INFO o.a.j.t.JMeterThread: Thread finished: Thread Group 1-11
2019-03-20 12:03:06,086 INFO o.a.j.t.JMeterThread: Stopping: Thread Group 1-7
2019-03-20 12:03:06,086 WARN o.a.j.t.JMeterThread: Interrupting: Thread Group 1-7 sampler: HTTP Request
2019-03-20 12:03:06,087 INFO o.a.j.t.JMeterThread: Thread finished: Thread Group 1-9
2019-03-20 12:03:06,087 INFO o.a.j.t.JMeterThread: Stopping: Thread Group 1-2
2019-03-20 12:03:06,088 WARN o.a.j.t.JMeterThread: Interrupting: Thread Group 1-2 sampler: HTTP Request
2019-03-20 12:03:06,088 INFO o.a.j.t.JMeterThread: Thread finished: Thread Group 1-7
2019-03-20 12:03:06,089 INFO o.a.j.t.JMeterThread: Stopping: Thread Group 1-4
2019-03-20 12:03:06,089 WARN o.a.j.t.JMeterThread: Interrupting: Thread Group 1-4 sampler: HTTP Request
2019-03-20 12:03:06,089 INFO o.a.j.t.JMeterThread: Thread finished: Thread Group 1-2
2019-03-20 12:03:06,093 INFO o.a.j.t.JMeterThread: Stopping: Thread Group 1-12
2019-03-20 12:03:06,093 WARN o.a.j.t.JMeterThread: Interrupting: Thread Group 1-12 sampler: HTTP Request
2019-03-20 12:03:06,093 INFO o.a.j.t.JMeterThread: Thread finished: Thread Group 1-4
2019-03-20 12:03:06,094 INFO o.a.j.t.JMeterThread: Stopping: Thread Group 1-10
2019-03-20 12:03:06,094 WARN o.a.j.t.JMeterThread: Interrupting: Thread Group 1-10 sampler: HTTP Request
2019-03-20 12:03:06,094 INFO o.a.j.t.JMeterThread: Stopping: Thread Group 1-8
2019-03-20 12:03:06,095 WARN o.a.j.t.JMeterThread: Interrupting: Thread Group 1-8 sampler: HTTP Request
2019-03-20 12:03:06,095 INFO o.a.j.t.JMeterThread: Thread finished: Thread Group 1-10
2019-03-20 12:03:06,095 INFO o.a.j.t.JMeterThread: Thread finished: Thread Group 1-12
2019-03-20 12:03:06,096 INFO o.a.j.t.JMeterThread: Thread finished: Thread Group 1-8
2019-03-20 12:03:06,096 INFO o.a.j.e.StandardJMeterEngine: Notifying test listeners of end of test
2019-03-20 12:03:06,096 INFO o.a.j.g.u.JMeterMenuBar: setRunning(false, *local*)
